#
# There is insufficient memory for the Java Runtime Environment to continue.
# Native memory allocation (malloc) failed to allocate 1220416 bytes for Chunk::new
# Possible reasons:
#   The system is out of physical RAM or swap space
#   In 32 bit mode, the process size limit was hit
# Possible solutions:
#   Reduce memory load on the system
#   Increase physical memory or swap space
#   Check if swap backing store is full
#   Use 64 bit Java on a 64 bit OS
#   Decrease Java heap size (-Xmx/-Xms)
#   Decrease number of Java threads
#   Decrease Java thread stack sizes (-Xss)
#   Set larger code cache with -XX:ReservedCodeCacheSize=
# This output file may be truncated or incomplete.
#
#  Out of Memory Error (allocation.cpp:390), pid=9620, tid=5140
#
# JRE version: Java(TM) SE Runtime Environment (8.0_51-b16) (build 1.8.0_51-b16)
# Java VM: Java HotSpot(TM) 64-Bit Server VM (25.51-b03 mixed mode windows-amd64 compressed oops)
# Failed to write core dump. Minidumps are not enabled by default on client versions of Windows
#

---------------  T H R E A D  ---------------

Current thread (0x0000000014aec000):  JavaThread "C2 CompilerThread0" daemon [_thread_in_native, id=5140, stack(0x0000000015a30000,0x0000000015b30000)]

Stack: [0x0000000015a30000,0x0000000015b30000]
Native frames: (J=compiled Java code, j=interpreted, Vv=VM code, C=native code)
V  [jvm.dll+0x32b4ca]
V  [jvm.dll+0x2797e3]
V  [jvm.dll+0x27a479]
V  [jvm.dll+0x271765]
V  [jvm.dll+0xcba02]
V  [jvm.dll+0xcbecc]
V  [jvm.dll+0x476f72]
V  [jvm.dll+0x4b95ff]
V  [jvm.dll+0x46c011]
V  [jvm.dll+0x46cd4e]
V  [jvm.dll+0x4501a2]
V  [jvm.dll+0xa43a2]
V  [jvm.dll+0xa4cdf]
V  [jvm.dll+0x2418a4]
V  [jvm.dll+0x29846a]
C  [msvcr100.dll+0x21d9f]
C  [msvcr100.dll+0x21e3b]
C  [KERNEL32.DLL+0x13d2]
C  [ntdll.dll+0x154e4]


Current CompileTask:
C2:  10608  726       4       sun.font.TrueTypeFont::initNames (370 bytes)


---------------  P R O C E S S  ---------------

Java Threads: ( => current thread )
  0x000000001695a800 JavaThread "TimerQueue" daemon [_thread_blocked, id=8436, stack(0x0000000017870000,0x0000000017970000)]
  0x000000000274e000 JavaThread "DestroyJavaVM" [_thread_blocked, id=6336, stack(0x0000000000d30000,0x0000000000e30000)]
  0x0000000016757800 JavaThread "AWT-EventQueue-0" [_thread_in_native, id=6616, stack(0x0000000017270000,0x0000000017370000)]
  0x00000000166f1800 JavaThread "AWT-Windows" daemon [_thread_in_native, id=10792, stack(0x0000000017030000,0x0000000017130000)]
  0x00000000166ed800 JavaThread "AWT-Shutdown" [_thread_blocked, id=9408, stack(0x0000000016f30000,0x0000000017030000)]
  0x00000000166eb800 JavaThread "Java2D Disposer" daemon [_thread_blocked, id=7388, stack(0x0000000016e30000,0x0000000016f30000)]
  0x0000000014b47000 JavaThread "Service Thread" daemon [_thread_blocked, id=10344, stack(0x0000000015c30000,0x0000000015d30000)]
  0x0000000014b43800 JavaThread "C1 CompilerThread1" daemon [_thread_blocked, id=1480, stack(0x0000000015b30000,0x0000000015c30000)]
=>0x0000000014aec000 JavaThread "C2 CompilerThread0" daemon [_thread_in_native, id=5140, stack(0x0000000015a30000,0x0000000015b30000)]
  0x0000000014aea800 JavaThread "Attach Listener" daemon [_thread_blocked, id=10488, stack(0x0000000015930000,0x0000000015a30000)]
  0x0000000014ae7800 JavaThread "Signal Dispatcher" daemon [_thread_blocked, id=6404, stack(0x0000000015830000,0x0000000015930000)]
  0x0000000002674000 JavaThread "Finalizer" daemon [_thread_blocked, id=9744, stack(0x0000000015730000,0x0000000015830000)]
  0x000000000266a800 JavaThread "Reference Handler" daemon [_thread_blocked, id=6812, stack(0x0000000015630000,0x0000000015730000)]

Other Threads:
  0x0000000014ab6800 VMThread [stack: 0x0000000015530000,0x0000000015630000] [id=10196]
  0x0000000014b50800 WatcherThread [stack: 0x0000000015d30000,0x0000000015e30000] [id=5160]

VM state:not at safepoint (normal execution)

VM Mutex/Monitor currently owned by a thread: None

Heap:
 PSYoungGen      total 18944K, used 5612K [0x00000000eb380000, 0x00000000ec880000, 0x0000000100000000)
  eden space 16384K, 18% used [0x00000000eb380000,0x00000000eb67f3b8,0x00000000ec380000)
  from space 2560K, 99% used [0x00000000ec380000,0x00000000ec5fc020,0x00000000ec600000)
  to   space 2560K, 0% used [0x00000000ec600000,0x00000000ec600000,0x00000000ec880000)
 ParOldGen       total 44032K, used 2145K [0x00000000c1a00000, 0x00000000c4500000, 0x00000000eb380000)
  object space 44032K, 4% used [0x00000000c1a00000,0x00000000c1c18620,0x00000000c4500000)
 Metaspace       used 11389K, capacity 11602K, committed 11776K, reserved 1058816K
  class space    used 1427K, capacity 1499K, committed 1536K, reserved 1048576K

Card table byte_map: [0x0000000011b10000,0x0000000011d10000] byte_map_base: 0x0000000011503000

Marking Bits: (ParMarkBitMap*) 0x000000006fd14040
 Begin Bits: [0x0000000012060000, 0x0000000012ff8000)
 End Bits:   [0x0000000012ff8000, 0x0000000013f90000)

Polling page: 0x0000000000e30000

CodeCache: size=245760Kb used=2948Kb max_used=2956Kb free=242811Kb
 bounds [0x0000000002750000, 0x0000000002a40000, 0x0000000011750000]
 total_blobs=1176 nmethods=725 adapters=365
 compilation: enabled

Compilation events (10 events):
Event: 8.417 Thread 0x0000000014b43800 nmethod 721 0x0000000002a2ad10 code [0x0000000002a2ae60, 0x0000000002a2aff0]
Event: 8.518 Thread 0x0000000014b43800  722       1       sun.nio.cs.UnicodeDecoder::implReset (9 bytes)
Event: 8.518 Thread 0x0000000014b43800 nmethod 722 0x0000000002a28a50 code [0x0000000002a28ba0, 0x0000000002a28cb0]
Event: 8.569 Thread 0x0000000014aec000  723   !   4       sun.nio.ch.NativeThreadSet::add (155 bytes)
Event: 8.573 Thread 0x0000000014aec000 nmethod 723 0x0000000002a2a710 code [0x0000000002a2a860, 0x0000000002a2ab38]
Event: 8.573 Thread 0x0000000014aec000  724       4       java.nio.channels.spi.AbstractInterruptibleChannel::end (50 bytes)
Event: 8.577 Thread 0x0000000014aec000 nmethod 724 0x0000000002a34450 code [0x0000000002a345a0, 0x0000000002a34898]
Event: 8.843 Thread 0x0000000014aec000  725       4       java.nio.ByteBuffer::<init> (45 bytes)
Event: 8.846 Thread 0x0000000014aec000 nmethod 725 0x0000000002a34a90 code [0x0000000002a34be0, 0x0000000002a34df8]
Event: 9.377 Thread 0x0000000014aec000  726       4       sun.font.TrueTypeFont::initNames (370 bytes)

GC Heap History (2 events):
Event: 9.268 GC heap before
{Heap before GC invocations=1 (full 0):
 PSYoungGen      total 18944K, used 16384K [0x00000000eb380000, 0x00000000ec880000, 0x0000000100000000)
  eden space 16384K, 100% used [0x00000000eb380000,0x00000000ec380000,0x00000000ec380000)
  from space 2560K, 0% used [0x00000000ec600000,0x00000000ec600000,0x00000000ec880000)
  to   space 2560K, 0% used [0x00000000ec380000,0x00000000ec380000,0x00000000ec600000)
 ParOldGen       total 44032K, used 0K [0x00000000c1a00000, 0x00000000c4500000, 0x00000000eb380000)
  object space 44032K, 0% used [0x00000000c1a00000,0x00000000c1a00000,0x00000000c4500000)
 Metaspace       used 11387K, capacity 11602K, committed 11776K, reserved 1058816K
  class space    used 1427K, capacity 1499K, committed 1536K, reserved 1048576K
Event: 9.284 GC heap after
Heap after GC invocations=1 (full 0):
 PSYoungGen      total 18944K, used 2544K [0x00000000eb380000, 0x00000000ec880000, 0x0000000100000000)
  eden space 16384K, 0% used [0x00000000eb380000,0x00000000eb380000,0x00000000ec380000)
  from space 2560K, 99% used [0x00000000ec380000,0x00000000ec5fc020,0x00000000ec600000)
  to   space 2560K, 0% used [0x00000000ec600000,0x00000000ec600000,0x00000000ec880000)
 ParOldGen       total 44032K, used 2145K [0x00000000c1a00000, 0x00000000c4500000, 0x00000000eb380000)
  object space 44032K, 4% used [0x00000000c1a00000,0x00000000c1c18620,0x00000000c4500000)
 Metaspace       used 11387K, capacity 11602K, committed 11776K, reserved 1058816K
  class space    used 1427K, capacity 1499K, committed 1536K, reserved 1048576K
}

Deoptimization events (2 events):
Event: 3.302 Thread 0x0000000016757800 Uncommon trap: reason=unstable_if action=reinterpret pc=0x000000000287f940 method=java.lang.CharacterData.of(I)Ljava/lang/CharacterData; @ 4
Event: 3.361 Thread 0x0000000016757800 Uncommon trap: reason=unstable_if action=reinterpret pc=0x00000000029c0a40 method=java.lang.String.toLowerCase(Ljava/util/Locale;)Ljava/lang/String; @ 37

Internal exceptions (10 events):
Event: 2.341 Thread 0x000000000274e000 Exception <a 'java/lang/ClassNotFoundException': ToolBar> (0x00000000eb7afca0) thrown at [C:\re\workspace\8-2-build-windows-amd64-cygwin\jdk8u51\3951\hotspot\src\share\vm\classfile\systemDictionary.cpp, line 210]
Event: 2.341 Thread 0x000000000274e000 Exception <a 'java/lang/ClassNotFoundException': ToggleButton> (0x00000000eb7b01f8) thrown at [C:\re\workspace\8-2-build-windows-amd64-cygwin\jdk8u51\3951\hotspot\src\share\vm\classfile\systemDictionary.cpp, line 210]
Event: 2.341 Thread 0x000000000274e000 Exception <a 'java/lang/ClassNotFoundException': javax/swing/JToolBarSeparator> (0x00000000eb7b0600) thrown at [C:\re\workspace\8-2-build-windows-amd64-cygwin\jdk8u51\3951\hotspot\src\share\vm\classfile\systemDictionary.cpp, line 210]
Event: 2.341 Thread 0x000000000274e000 Exception <a 'java/lang/ClassNotFoundException': ToolBarSeparator> (0x00000000eb7b0a40) thrown at [C:\re\workspace\8-2-build-windows-amd64-cygwin\jdk8u51\3951\hotspot\src\share\vm\classfile\systemDictionary.cpp, line 210]
Event: 2.342 Thread 0x000000000274e000 Exception <a 'java/lang/ClassNotFoundException': ToolTip> (0x00000000eb7b1128) thrown at [C:\re\workspace\8-2-build-windows-amd64-cygwin\jdk8u51\3951\hotspot\src\share\vm\classfile\systemDictionary.cpp, line 210]
Event: 2.344 Thread 0x000000000274e000 Exception <a 'java/lang/ClassNotFoundException': Tree> (0x00000000eb7b1cf0) thrown at [C:\re\workspace\8-2-build-windows-amd64-cygwin\jdk8u51\3951\hotspot\src\share\vm\classfile\systemDictionary.cpp, line 210]
Event: 2.345 Thread 0x000000000274e000 Exception <a 'java/lang/ClassNotFoundException': Tree> (0x00000000eb7b23d8) thrown at [C:\re\workspace\8-2-build-windows-amd64-cygwin\jdk8u51\3951\hotspot\src\share\vm\classfile\systemDictionary.cpp, line 210]
Event: 2.345 Thread 0x000000000274e000 Exception <a 'java/lang/ClassNotFoundException': javax/swing/JTreeCell> (0x00000000eb7b2700) thrown at [C:\re\workspace\8-2-build-windows-amd64-cygwin\jdk8u51\3951\hotspot\src\share\vm\classfile\systemDictionary.cpp, line 210]
Event: 2.345 Thread 0x000000000274e000 Exception <a 'java/lang/ClassNotFoundException': TreeCell> (0x00000000eb7b2b30) thrown at [C:\re\workspace\8-2-build-windows-amd64-cygwin\jdk8u51\3951\hotspot\src\share\vm\classfile\systemDictionary.cpp, line 210]
Event: 2.346 Thread 0x000000000274e000 Exception <a 'java/lang/ClassNotFoundException': RootPane> (0x00000000eb7b3538) thrown at [C:\re\workspace\8-2-build-windows-amd64-cygwin\jdk8u51\3951\hotspot\src\share\vm\classfile\systemDictionary.cpp, line 210]

Events (10 events):
Event: 4.972 Executing VM operation: EnableBiasedLocking done
Event: 5.775 Thread 0x0000000016757800 DEOPT PACKING pc=0x00000000029eec7f sp=0x000000001736d680
Event: 5.775 Thread 0x0000000016757800 DEOPT UNPACKING pc=0x000000000279747f sp=0x000000001736d3b8 mode 0
Event: 8.161 Thread 0x0000000016874800 Thread exited: 0x0000000016874800
Event: 8.247 Thread 0x00000000167c2000 Thread exited: 0x00000000167c2000
Event: 8.247 Thread 0x0000000016874000 Thread exited: 0x0000000016874000
Event: 8.264 loading class sun/font/SunFontManager$4
Event: 8.264 loading class sun/font/SunFontManager$4 done
Event: 9.267 Executing VM operation: ParallelGCFailedAllocation
Event: 9.284 Executing VM operation: ParallelGCFailedAllocation done


Dynamic libraries:
0x00007ff7cdc50000 - 0x00007ff7cdc87000 	C:\Program Files\Java\jdk1.8.0_51\bin\java.exe
0x00007ffc075d0000 - 0x00007ffc0777d000 	C:\Windows\SYSTEM32\ntdll.dll
0x00007ffc07490000 - 0x00007ffc075ce000 	C:\Windows\system32\KERNEL32.DLL
0x00007ffbf20b0000 - 0x00007ffbf20e3000 	C:\Program Files\AVAST Software\Avast\x64\aswhooka.dll
0x00007ffc04920000 - 0x00007ffc04a35000 	C:\Windows\system32\KERNELBASE.dll
0x00007ffc032b0000 - 0x00007ffc0333e000 	C:\Windows\system32\apphelp.dll
0x00007ffbf9d40000 - 0x00007ffbf9d93000 	C:\Windows\AppPatch\AppPatch64\AcGenral.DLL
0x00007ffc06c80000 - 0x00007ffc06d2a000 	C:\Windows\system32\msvcrt.dll
0x00007ffc04c20000 - 0x00007ffc04c4e000 	C:\Windows\system32\SspiCli.dll
0x00007ffc07280000 - 0x00007ffc072d4000 	C:\Windows\system32\SHLWAPI.dll
0x00007ffc06560000 - 0x00007ffc066d7000 	C:\Windows\system32\USER32.dll
0x00007ffc072f0000 - 0x00007ffc07484000 	C:\Windows\system32\ole32.dll
0x00007ffc04ee0000 - 0x00007ffc06409000 	C:\Windows\system32\SHELL32.dll
0x00007ffc03cb0000 - 0x00007ffc03cd1000 	C:\Windows\SYSTEM32\USERENV.dll
0x00007ffc07080000 - 0x00007ffc0712a000 	C:\Windows\system32\ADVAPI32.dll
0x00007ffbf8e50000 - 0x00007ffbf8e6e000 	C:\Windows\SYSTEM32\MPR.dll
0x00007ffc06410000 - 0x00007ffc06550000 	C:\Windows\system32\RPCRT4.dll
0x00007ffc04c50000 - 0x00007ffc04ca9000 	C:\Windows\SYSTEM32\sechost.dll
0x00007ffc06960000 - 0x00007ffc06b72000 	C:\Windows\SYSTEM32\combase.dll
0x00007ffc07130000 - 0x00007ffc0727b000 	C:\Windows\system32\GDI32.dll
0x00007ffc046f0000 - 0x00007ffc04705000 	C:\Windows\SYSTEM32\profapi.dll
0x00007ffc02c80000 - 0x00007ffc02d32000 	C:\Windows\SYSTEM32\SHCORE.dll
0x00007ffc06df0000 - 0x00007ffc06e26000 	C:\Windows\system32\IMM32.DLL
0x00007ffc04d80000 - 0x00007ffc04ed2000 	C:\Windows\system32\MSCTF.dll
0x00007ffc02480000 - 0x00007ffc026fb000 	C:\Windows\WinSxS\amd64_microsoft.windows.common-controls_6595b64144ccf1df_6.0.9600.18006_none_623f33d3ecbe86e8\COMCTL32.dll
0x000000006f430000 - 0x000000006f502000 	C:\Program Files\Java\jdk1.8.0_51\jre\bin\msvcr100.dll
0x000000006f510000 - 0x000000006fd93000 	C:\Program Files\Java\jdk1.8.0_51\jre\bin\server\jvm.dll
0x00007ffc01a90000 - 0x00007ffc01a99000 	C:\Windows\SYSTEM32\WSOCK32.dll
0x00007ffbff9b0000 - 0x00007ffbff9d2000 	C:\Windows\SYSTEM32\WINMM.dll
0x00007ffbfeba0000 - 0x00007ffbfebaa000 	C:\Windows\SYSTEM32\VERSION.dll
0x00007ffc072e0000 - 0x00007ffc072e7000 	C:\Windows\system32\PSAPI.DLL
0x00007ffc06900000 - 0x00007ffc0695a000 	C:\Windows\system32\WS2_32.dll
0x00007ffbff980000 - 0x00007ffbff9aa000 	C:\Windows\SYSTEM32\WINMMBASE.dll
0x00007ffc06b80000 - 0x00007ffc06b89000 	C:\Windows\system32\NSI.dll
0x00007ffc047c0000 - 0x00007ffc0480f000 	C:\Windows\SYSTEM32\cfgmgr32.dll
0x00007ffc03500000 - 0x00007ffc03528000 	C:\Windows\SYSTEM32\DEVOBJ.dll
0x000000006f3e0000 - 0x000000006f3ef000 	C:\Program Files\Java\jdk1.8.0_51\jre\bin\verify.dll
0x000000006f3b0000 - 0x000000006f3d9000 	C:\Program Files\Java\jdk1.8.0_51\jre\bin\java.dll
0x000000006f390000 - 0x000000006f3a6000 	C:\Program Files\Java\jdk1.8.0_51\jre\bin\zip.dll
0x000000006f1b0000 - 0x000000006f348000 	C:\Program Files\Java\jdk1.8.0_51\jre\bin\awt.dll
0x00007ffc04cb0000 - 0x00007ffc04d76000 	C:\Windows\system32\OLEAUT32.dll
0x00007ffc033d0000 - 0x00007ffc034f9000 	C:\Windows\system32\uxtheme.dll
0x00007ffc02a80000 - 0x00007ffc02aa1000 	C:\Windows\system32\dwmapi.dll
0x00007ffc03550000 - 0x00007ffc0355b000 	C:\Windows\SYSTEM32\kernel.appcore.dll
0x00007ffc045c0000 - 0x00007ffc045cb000 	C:\Windows\SYSTEM32\CRYPTBASE.dll
0x00007ffc04550000 - 0x00007ffc045b3000 	C:\Windows\SYSTEM32\bcryptPrimitives.dll
0x000000006f160000 - 0x000000006f1a7000 	C:\Program Files\Java\jdk1.8.0_51\jre\bin\fontmanager.dll
0x000000006f370000 - 0x000000006f38a000 	C:\Program Files\Java\jdk1.8.0_51\jre\bin\net.dll
0x00007ffc03f20000 - 0x00007ffc03f79000 	C:\Windows\system32\mswsock.dll
0x000000006f350000 - 0x000000006f361000 	C:\Program Files\Java\jdk1.8.0_51\jre\bin\nio.dll
0x000000006f110000 - 0x000000006f152000 	C:\Program Files\Java\jdk1.8.0_51\jre\bin\t2k.dll
0x00007ffbfb710000 - 0x00007ffbfb899000 	C:\Windows\SYSTEM32\dbghelp.dll

VM Arguments:
jvm_args: -Dfile.encoding=UTF-8 
java_command: Vistas.LoginUI
java_class_path (initial): C:\Program Files\NetBeans 8.0.2\java\modules\ext\AbsoluteLayout.jar;C:\Program Files\Java\jdk1.8.0_51\db\lib\derby.jar;C:\Program Files\Java\jdk1.8.0_51\db\lib\derbyclient.jar;C:\Program Files\Java\jdk1.8.0_51\db\lib\derbynet.jar;C:\Program Files\NetBeans 8.0.2\ide\modules\ext\mysql-connector-java-5.1.23-bin.jar;C:\Users\user\Desktop\PendriveLila\Para proyecto final\Proyectos\Codigo Sistema ventas + librerias\Codigo Sistema ventas + librerias\Codigo del proyecto\JREPORT\libreria\JARs Para la librería JasperReports\commons-beanutils-1.8.2.jar;C:\Users\user\Desktop\PendriveLila\Para proyecto final\Proyectos\Codigo Sistema ventas + librerias\Codigo Sistema ventas + librerias\Codigo del proyecto\JREPORT\libreria\JARs Para la librería JasperReports\commons-collections-3.2.1.jar;C:\Users\user\Desktop\PendriveLila\Para proyecto final\Proyectos\Codigo Sistema ventas + librerias\Codigo Sistema ventas + librerias\Codigo del proyecto\JREPORT\libreria\JARs Para la librería JasperReports\commons-digester-2.1.jar;C:\Users\user\Desktop\PendriveLila\Para proyecto final\Proyectos\Codigo Sistema ventas + librerias\Codigo Sistema ventas + librerias\Codigo del proyecto\JREPORT\libreria\JARs Para la librería JasperReports\commons-javaflow-20060411.jar;C:\Users\user\Desktop\PendriveLila\Para proyecto final\Proyectos\Codigo Sistema ventas + librerias\Codigo Sistema ventas + librerias\Codigo del proyecto\JREPORT\libreria\JARs Para la librería JasperReports\commons-logging-1.1.1.jar;C:\Users\user\Desktop\PendriveLila\Para proyecto final\Proyectos\Codigo Sistema ventas + librerias\Codigo Sistema ventas + librerias\Codigo del proyecto\JREPORT\libreria\JARs Para la librería JasperReports\groovy-all-1.7.5.jar;C:\Users\user\Desktop\PendriveLila\Para proyecto final\Proyectos\Codigo Sistema ventas + librerias\Codigo Sistema ventas + librerias\Codigo del proyecto\JREPORT\libreria\JARs Para la librería JasperReports\iText-2.1.7.jar;C:\Users\user\Desktop\PendriveLila\Para
Launcher Type: SUN_STANDARD

Environment Variables:
PATH=C:\ProgramData\Oracle\Java\javapath;C:\Program Files (x86)\Common Files\Intel\Shared Files\cpp\bin\Intel64;C:\Program Files (x86)\Intel\TXE Components\TCS\;C:\Program Files\Intel\TXE Components\TCS\;C:\Windows\system32;C:\Windows;C:\Windows\System32\Wbem;C:\Windows\System32\WindowsPowerShell\v1.0\;C:\Program Files (x86)\Windows Live\Shared;C:\Program Files (x86)\GtkSharp\2.12\bin;C:\Program Files (x86)\MySQL\MySQL Utilities 1.6\;C:\Users\user\AppData\Local\Programs\Python\Python35-32\Scripts\;C:\Users\user\AppData\Local\Programs\Python\Python35-32\
USERNAME=user
OS=Windows_NT
PROCESSOR_IDENTIFIER=Intel64 Family 6 Model 55 Stepping 8, GenuineIntel



---------------  S Y S T E M  ---------------

OS: Windows 8.1 , 64 bit Build 9600 (6.3.9600.17415)

CPU:total 2 (2 cores per cpu, 1 threads per core) family 6 model 55 stepping 8, cmov, cx8, fxsr, mmx, sse, sse2, sse3, ssse3, sse4.1, sse4.2, popcnt, clmul, erms, 3dnowpref, tsc, tscinvbit

Memory: 4k page, physical 4087152k(642580k free), swap 7232880k(4696k free)

vm_info: Java HotSpot(TM) 64-Bit Server VM (25.51-b03) for windows-amd64 JRE (1.8.0_51-b16), built on Jun  8 2015 18:03:07 by "java_re" with MS VC++ 10.0 (VS2010)

time: Sat Aug 19 14:44:58 2017
elapsed time: 10 seconds (0d 0h 0m 10s)

